2013-10-23T00:28:55+02:00 INFO (6): TO: sefredaktor@sefredaktor.cz,eliska-hirkova@seznam.cz,petrakova.anna92@gmail.com,martin.klima@aol.com, Mail send : =?utf-8?Q?JUMBot=20-=20Nov=C3=BD=20=C4=8Dl=C3=A1nek=20?=
 =?utf-8?Q?=C4=8Dek=C3=A1=20na=20schv=C3=A1len=C3=AD.?=
2013-10-23T00:28:55+02:00 INFO (6): TO: editor@editor.cz, Mail send : =?utf-8?Q?JUMBot=20-=20=C4=8Cl=C3=A1nek=20=C4=8Dek=C3=A1=20na=20?=
 =?utf-8?Q?schv=C3=A1len=C3=AD=20=C5=A1=C3=A9fredaktorem.?=
2013-10-23T00:30:43+02:00 INFO (6): TO: korektor@korektor,berankova.jana@outlook.com,andrea.kamenova@seznam.cz, Mail send : =?utf-8?Q?JUMBot=20-=20Nov=C3=BD=20=C4=8Dl=C3=A1nek=20?=
 =?utf-8?Q?=C4=8Dek=C3=A1=20na=20korekturu.?=
2013-10-23T00:30:43+02:00 INFO (6): TO: editor@editor.cz, Mail send : =?utf-8?Q?JUMBot=20-=20=C4=8Cl=C3=A1nek=20byl=20schv=C3=A1len.?=
2013-10-23T00:32:17+02:00 INFO (6): TO: editor@editor.cz, Mail send : =?utf-8?Q?JUMBot=20-=20=C4=8Cl=C3=A1nek=20pro=C5=A1el=20korekturou.?=
2013-10-23T00:33:01+02:00 INFO (6): TO: editor@editor.cz, Mail send : =?utf-8?Q?JUMBot=20-=20=C4=8Cl=C3=A1nek=20byl=20publikov=C3=A1n.?=
2013-10-23T00:33:38+02:00 INFO (6): TO: sefredaktor@sefredaktor.cz,eliska-hirkova@seznam.cz,petrakova.anna92@gmail.com,martin.klima@aol.com, Mail send : =?utf-8?Q?JUMBot=20-=20Nov=C3=BD=20=C4=8Dl=C3=A1nek=20?=
 =?utf-8?Q?=C4=8Dek=C3=A1=20na=20schv=C3=A1len=C3=AD.?=
2013-10-23T00:33:38+02:00 INFO (6): TO: editor@editor.cz, Mail send : =?utf-8?Q?JUMBot=20-=20=C4=8Cl=C3=A1nek=20=C4=8Dek=C3=A1=20na=20?=
 =?utf-8?Q?schv=C3=A1len=C3=AD=20=C5=A1=C3=A9fredaktorem.?=
2013-10-29T17:42:43+01:00 INFO (6): TO: sefredaktor@sefredaktor.cz,eliska-hirkova@seznam.cz,petrakova.anna92@gmail.com,martin.klima@aol.com, Mail send : =?utf-8?Q?JUMBot=20-=20Nov=C3=BD=20=C4=8Dl=C3=A1nek=20?=
 =?utf-8?Q?=C4=8Dek=C3=A1=20na=20schv=C3=A1len=C3=AD.?=
2013-10-29T17:42:43+01:00 INFO (6): TO: editor@editor.cz, Mail send : =?utf-8?Q?JUMBot=20-=20=C4=8Cl=C3=A1nek=20=C4=8Dek=C3=A1=20na=20?=
 =?utf-8?Q?schv=C3=A1len=C3=AD=20=C5=A1=C3=A9fredaktorem.?=
2013-10-29T18:35:29+01:00 INFO (6): TO: sefredaktor@sefredaktor.cz,eliska-hirkova@seznam.cz,petrakova.anna92@gmail.com,martin.klima@aol.com, Mail send : =?utf-8?Q?JUMBot=20-=20Nov=C3=BD=20=C4=8Dl=C3=A1nek=20?=
 =?utf-8?Q?=C4=8Dek=C3=A1=20na=20schv=C3=A1len=C3=AD.?=
2013-10-29T18:35:29+01:00 INFO (6): TO: editor@editor.cz, Mail send : =?utf-8?Q?JUMBot=20-=20=C4=8Cl=C3=A1nek=20=C4=8Dek=C3=A1=20na=20?=
 =?utf-8?Q?schv=C3=A1len=C3=AD=20=C5=A1=C3=A9fredaktorem.?=
2013-10-29T18:35:44+01:00 INFO (6): TO: editor@editor.cz, Mail send : =?utf-8?Q?JUMBot=20-=20=C4=8Cl=C3=A1nek=20pro=C5=A1el=20korekturou.?=
2013-10-29T18:39:55+01:00 INFO (6): TO: korektor@korektor,berankova.jana@outlook.com,andrea.kamenova@seznam.cz, Mail send : =?utf-8?Q?JUMBot=20-=20Nov=C3=BD=20=C4=8Dl=C3=A1nek=20?=
 =?utf-8?Q?=C4=8Dek=C3=A1=20na=20korekturu.?=
2013-10-29T18:39:55+01:00 INFO (6): TO: editor@editor.cz, Mail send : =?utf-8?Q?JUMBot=20-=20=C4=8Cl=C3=A1nek=20byl=20schv=C3=A1len.?=
2013-10-29T18:40:13+01:00 INFO (6): TO: editor@editor.cz, Mail send : =?utf-8?Q?JUMBot=20-=20=C4=8Cl=C3=A1nek=20pro=C5=A1el=20korekturou.?=
2013-12-08T12:23:30+01:00 INFO (6): TO: admin@admin, Mail send : =?utf-8?Q?JUMBot=20-=20=C4=8Cl=C3=A1nek=20byl=20vr=C3=A1cen.?=
